<?xml version="1.0" encoding="UTF-8"?>
<coverage generated="1729261330">
  <project timestamp="1729261330">
    <package name="Daycry\PHPUnit\Vcr\Attributes">
      <file name="C:\Users\46066917X\Documents\GitHub\phpunit-extension-vcr\src\Attributes\UseCassette.php">
        <class name="Daycry\PHPUnit\Vcr\Attributes\UseCassette" namespace="Daycry\PHPUnit\Vcr\Attributes">
          <metrics complexity="1" methods="1" coveredmethods="1" conditionals="0" coveredconditionals="0" statements="1" coveredstatements="1" elements="2" coveredelements="2"/>
        </class>
        <line num="12" type="method" name="__construct" visibility="public" complexity="1" crap="1" count="7"/>
        <line num="14" type="stmt" count="7"/>
        <metrics loc="16" ncloc="16" classes="1" methods="1" coveredmethods="1" conditionals="0" coveredconditionals="0" statements="1" coveredstatements="1" elements="2" coveredelements="2"/>
      </file>
    </package>
    <package name="Daycry\PHPUnit\Vcr">
      <file name="C:\Users\46066917X\Documents\GitHub\phpunit-extension-vcr\src\Extension.php">
        <class name="Daycry\PHPUnit\Vcr\Extension" namespace="Daycry\PHPUnit\Vcr">
          <metrics complexity="5" methods="3" coveredmethods="0" conditionals="0" coveredconditionals="0" statements="23" coveredstatements="0" elements="26" coveredelements="0"/>
        </class>
        <line num="17" type="method" name="bootstrap" visibility="public" complexity="1" crap="2" count="0"/>
        <line num="19" type="stmt" count="0"/>
        <line num="20" type="stmt" count="0"/>
        <line num="21" type="stmt" count="0"/>
        <line num="22" type="stmt" count="0"/>
        <line num="23" type="stmt" count="0"/>
        <line num="24" type="stmt" count="0"/>
        <line num="25" type="stmt" count="0"/>
        <line num="26" type="stmt" count="0"/>
        <line num="27" type="stmt" count="0"/>
        <line num="28" type="stmt" count="0"/>
        <line num="29" type="stmt" count="0"/>
        <line num="31" type="stmt" count="0"/>
        <line num="32" type="stmt" count="0"/>
        <line num="36" type="method" name="parameter" visibility="private" complexity="2" crap="6" count="0"/>
        <line num="38" type="stmt" count="0"/>
        <line num="39" type="stmt" count="0"/>
        <line num="42" type="stmt" count="0"/>
        <line num="46" type="method" name="parameterAsArray" visibility="private" complexity="2" crap="6" count="0"/>
        <line num="48" type="stmt" count="0"/>
        <line num="50" type="stmt" count="0"/>
        <line num="51" type="stmt" count="0"/>
        <line num="54" type="stmt" count="0"/>
        <line num="55" type="stmt" count="0"/>
        <line num="56" type="stmt" count="0"/>
        <line num="57" type="stmt" count="0"/>
        <metrics loc="60" ncloc="59" classes="1" methods="3" coveredmethods="0" conditionals="0" coveredconditionals="0" statements="23" coveredstatements="0" elements="26" coveredelements="0"/>
      </file>
    </package>
    <package name="Daycry\PHPUnit\Vcr\Subscribers">
      <file name="C:\Users\46066917X\Documents\GitHub\phpunit-extension-vcr\src\Subscribers\Configuration.php">
        <class name="Daycry\PHPUnit\Vcr\Subscribers\Configuration" namespace="Daycry\PHPUnit\Vcr\Subscribers">
          <metrics complexity="9" methods="2" coveredmethods="0" conditionals="0" coveredconditionals="0" statements="16" coveredstatements="0" elements="18" coveredelements="0"/>
        </class>
        <line num="19" type="method" name="__construct" visibility="public" complexity="1" crap="2" count="0"/>
        <line num="28" type="stmt" count="0"/>
        <line num="30" type="method" name="notify" visibility="public" complexity="8" crap="72" count="0"/>
        <line num="32" type="stmt" count="0"/>
        <line num="34" type="stmt" count="0"/>
        <line num="35" type="stmt" count="0"/>
        <line num="38" type="stmt" count="0"/>
        <line num="39" type="stmt" count="0"/>
        <line num="42" type="stmt" count="0"/>
        <line num="43" type="stmt" count="0"/>
        <line num="46" type="stmt" count="0"/>
        <line num="47" type="stmt" count="0"/>
        <line num="50" type="stmt" count="0"/>
        <line num="51" type="stmt" count="0"/>
        <line num="54" type="stmt" count="0"/>
        <line num="55" type="stmt" count="0"/>
        <line num="58" type="stmt" count="0"/>
        <line num="59" type="stmt" count="0"/>
        <metrics loc="63" ncloc="57" classes="1" methods="2" coveredmethods="0" conditionals="0" coveredconditionals="0" statements="16" coveredstatements="0" elements="18" coveredelements="0"/>
      </file>
      <file name="C:\Users\46066917X\Documents\GitHub\phpunit-extension-vcr\src\Subscribers\FinishRecording.php">
        <class name="Daycry\PHPUnit\Vcr\Subscribers\FinishRecording" namespace="Daycry\PHPUnit\Vcr\Subscribers">
          <metrics complexity="2" methods="1" coveredmethods="0" conditionals="0" coveredconditionals="0" statements="5" coveredstatements="0" elements="6" coveredelements="0"/>
        </class>
        <line num="16" type="method" name="notify" visibility="public" complexity="2" crap="6" count="0"/>
        <line num="18" type="stmt" count="0"/>
        <line num="20" type="stmt" count="0"/>
        <line num="21" type="stmt" count="0"/>
        <line num="24" type="stmt" count="0"/>
        <line num="25" type="stmt" count="0"/>
        <metrics loc="28" ncloc="28" classes="1" methods="1" coveredmethods="0" conditionals="0" coveredconditionals="0" statements="5" coveredstatements="0" elements="6" coveredelements="0"/>
      </file>
      <file name="C:\Users\46066917X\Documents\GitHub\phpunit-extension-vcr\src\Subscribers\StartRecording.php">
        <class name="Daycry\PHPUnit\Vcr\Subscribers\StartRecording" namespace="Daycry\PHPUnit\Vcr\Subscribers">
          <metrics complexity="2" methods="1" coveredmethods="0" conditionals="0" coveredconditionals="0" statements="7" coveredstatements="6" elements="8" coveredelements="6"/>
        </class>
        <line num="16" type="method" name="notify" visibility="public" complexity="2" crap="2.01" count="7"/>
        <line num="18" type="stmt" count="7"/>
        <line num="20" type="stmt" count="7"/>
        <line num="21" type="stmt" count="0"/>
        <line num="24" type="stmt" count="7"/>
        <line num="25" type="stmt" count="7"/>
        <line num="27" type="stmt" count="7"/>
        <line num="28" type="stmt" count="7"/>
        <metrics loc="31" ncloc="31" classes="1" methods="1" coveredmethods="0" conditionals="0" coveredconditionals="0" statements="7" coveredstatements="6" elements="8" coveredelements="6"/>
      </file>
    </package>
    <package name="Daycry\PHPUnit\Vcr\Traits">
      <file name="C:\Users\46066917X\Documents\GitHub\phpunit-extension-vcr\src\Traits\AttributeResolverTrait.php">
        <class name="Daycry\PHPUnit\Vcr\Traits\AttributeResolverTrait" namespace="Daycry\PHPUnit\Vcr\Traits">
          <metrics complexity="7" methods="3" coveredmethods="2" conditionals="0" coveredconditionals="0" statements="18" coveredstatements="14" elements="21" coveredelements="16"/>
        </class>
        <line num="16" type="method" name="needsRecording" visibility="private" complexity="1" crap="1" count="7"/>
        <line num="18" type="stmt" count="7"/>
        <line num="21" type="method" name="getCassetteName" visibility="private" complexity="1" crap="1" count="7"/>
        <line num="23" type="stmt" count="7"/>
        <line num="26" type="method" name="getAttribute" visibility="private" complexity="5" crap="5.39" count="7"/>
        <line num="28" type="stmt" count="7"/>
        <line num="29" type="stmt" count="7"/>
        <line num="31" type="stmt" count="7"/>
        <line num="32" type="stmt" count="7"/>
        <line num="34" type="stmt" count="0"/>
        <line num="38" type="stmt" count="7"/>
        <line num="39" type="stmt" count="0"/>
        <line num="40" type="stmt" count="0"/>
        <line num="43" type="stmt" count="7"/>
        <line num="45" type="stmt" count="7"/>
        <line num="46" type="stmt" count="4"/>
        <line num="48" type="stmt" count="3"/>
        <line num="49" type="stmt" count="3"/>
        <line num="51" type="stmt" count="3"/>
        <line num="52" type="stmt" count="3"/>
        <line num="55" type="stmt" count="0"/>
        <metrics loc="60" ncloc="60" classes="1" methods="3" coveredmethods="2" conditionals="0" coveredconditionals="0" statements="18" coveredstatements="14" elements="21" coveredelements="16"/>
      </file>
    </package>
    <metrics files="6" loc="258" ncloc="251" classes="6" methods="11" coveredmethods="3" conditionals="0" coveredconditionals="0" statements="70" coveredstatements="21" elements="81" coveredelements="24"/>
  </project>
</coverage>
